This is pdfTeX, Version 3.14159265-2.6-1.40.18 (MiKTeX 2.9.6350 64-bit) (preloaded format=pdflatex 2017.6.4)  6 SEP 2018 13:48
entering extended mode
**./layout_e.tex
(layout_e.tex
LaTeX2e <2017-04-15>
Babel <3.10> and hyphenation patterns for 75 language(s) loaded.
(C:\Users\ankai\Documents\Latex\tex\latex\refman\refart.cls
Document Class: refart 2006/11/13 v2.0e LaTeX document class
\papermarginwidth=\skip41
(C:\Users\ankai\Documents\Latex\tex\latex\base\size10.clo
File: size10.clo 2014/09/29 v1.4h Standard LaTeX file (size option)
)
\leftmarginwidth=\dimen102
\fullwidth=\dimen103
\emptyfoottopmargin=\dimen104
\emptyheadtopmargin=\dimen105
\c@part=\count79
\c@section=\count80
\c@subsection=\count81
\c@subsubsection=\count82
\c@paragraph=\count83
\c@subparagraph=\count84
\c@figure=\count85
\c@table=\count86
\abovecaptionskip=\skip42
\belowcaptionskip=\skip43
\bibindent=\dimen106
)
(C:\Users\ankai\Documents\Latex\tex\latex\base\makeidx.sty
Package: makeidx 2014/09/29 v1.0m Standard LaTeX package
)
(C:\Users\ankai\Documents\Latex\tex\latex\base\ifthen.sty
Package: ifthen 2014/09/29 v1.1c Standard LaTeX ifthen package (DPC)
)
\@indexfile=\write3
\openout3 = `layout_e.idx'.


Writing index file layout_e.idx
(layout_e.aux)
\openout1 = `layout_e.aux'.

LaTeX Font Info:    Checking defaults for OML/cmm/m/it on input line 37.
LaTeX Font Info:    ... okay on input line 37.
LaTeX Font Info:    Checking defaults for T1/cmr/m/n on input line 37.
LaTeX Font Info:    ... okay on input line 37.
LaTeX Font Info:    Checking defaults for OT1/cmr/m/n on input line 37.
LaTeX Font Info:    ... okay on input line 37.
LaTeX Font Info:    Checking defaults for OMS/cmsy/m/n on input line 37.
LaTeX Font Info:    ... okay on input line 37.
LaTeX Font Info:    Checking defaults for OMX/cmex/m/n on input line 37.
LaTeX Font Info:    ... okay on input line 37.
LaTeX Font Info:    Checking defaults for U/cmr/m/n on input line 37.
LaTeX Font Info:    ... okay on input line 37.
LaTeX Font Info:    External font `cmex10' loaded for size
(Font)              <14.4> on input line 39.
LaTeX Font Info:    External font `cmex10' loaded for size
(Font)              <7> on input line 39.
LaTeX Font Info:    External font `cmex10' loaded for size
(Font)              <5> on input line 39.
LaTeX Font Info:    Try loading font information for OMS+cmr on input line 39.
 (C:\Users\ankai\Documents\Latex\tex\latex\base\omscmr.fd
File: omscmr.fd 2014/09/29 v2.5h Standard LaTeX font definitions
)
LaTeX Font Info:    Font shape `OMS/cmr/m/n' in size <7> not available
(Font)              Font shape `OMS/cmsy/m/n' tried instead on input line 39.
LaTeX Font Info:    External font `cmex10' loaded for size
(Font)              <8> on input line 39.
LaTeX Font Info:    External font `cmex10' loaded for size
(Font)              <6> on input line 39.
LaTeX Font Info:    Font shape `OMS/cmr/m/n' in size <6> not available
(Font)              Font shape `OMS/cmsy/m/n' tried instead on input line 39.
LaTeX Font Info:    External font `cmex10' loaded for size
(Font)              <9> on input line 43.

(layout_e.toc [1

{C:/Users/ankai/AppData/Local/MiKTeX/2.9/pdftex/config/pdftex.map}])
\tf@toc=\write4
\openout4 = `layout_e.toc'.

 [2] [3]
LaTeX Font Info:    External font `cmex10' loaded for size
(Font)              <12> on input line 156.
 [4]
LaTeX Font Info:    Font shape `OMS/cmr/m/n' in size <10> not available
(Font)              Font shape `OMS/cmsy/m/n' tried instead on input line 232.
 [5] [6] [7] [8] [9] [10] (lay_e2.tex [11] [12

] [13]
\T=\count87
 [14]
Overfull \hbox (18.16626pt too wide) in paragraph at lines 523--526
[][]\OT1/cmr/m/n/10 The text height is cal-cu-lated as the pa-per height mi-nus
 2 \OT1/cmtt/m/n/10 \papermarginwidth\OT1/cmr/m/n/10 .
 []

[15



] [16]
Overfull \hbox (7.47023pt too wide) in paragraph at lines 651--657
\OT1/cmr/m/n/10 com-mand us-ing a [][]\OT1/cmtt/m/n/10 \renewcommand{\attention
symbol}{\texttt\{:-)\}}
 []


Overfull \hbox (11.98961pt too wide) in paragraph at lines 651--657
[]\OT1/cmr/m/n/10 com-mand. To get the de-fault back use [][]\OT1/cmtt/m/n/10 \
renewcommand{\attentionsymbol}
 []

[17] [18]
Overfull \hbox (3.41617pt too wide) in paragraph at lines 737--741
\OT1/cmr/m/n/10 You can dis-able the rules be-fore and af-ter a \OT1/cmtt/m/n/1
0 maxipage \OT1/cmr/m/n/10 with the \OT1/cmtt/m/n/10 \maxipage-
 []


Overfull \hbox (14.22083pt too wide) in paragraph at lines 774--777
[]\OT1/cmr/m/n/10 You can re-de-fine the bor-der with \OT1/cmtt/m/n/10 \setleng
th\papermarginwidth [][]{0.25in}[]\OT1/cmr/m/n/10 .
 []

[19])
No file layout_e.ind.
[20] (layout_e.aux) ) 
Here is how much of TeX's memory you used:
 455 strings out of 493323
 5066 string characters out of 3137800
 60886 words of memory out of 3000000
 4037 multiletter control sequences out of 15000+200000
 12257 words of font info for 43 fonts, out of 3000000 for 9000
 1141 hyphenation exceptions out of 8191
 29i,17n,22p,179b,431s stack positions out of 5000i,500n,10000p,200000b,50000s
<C:/Users/ankai/Documents/Latex/fonts/type1/public/amsfont
s/cm/cmbx10.pfb><C:/Users/ankai/Documents/Latex/fonts/type1/public/amsfonts/cm/
cmbx12.pfb><C:/Users/ankai/Documents/Latex/fonts/type1/public/amsfonts/cm/cmbx7
.pfb><C:/Users/ankai/Documents/Latex/fonts/type1/public/amsfonts/cm/cmbx8.pfb><
C:/Users/ankai/Documents/Latex/fonts/type1/public/amsfonts/cm/cmbx9.pfb><C:/Use
rs/ankai/Documents/Latex/fonts/type1/public/amsfonts/cm/cmcsc10.pfb><C:/Users/a
nkai/Documents/Latex/fonts/type1/public/amsfonts/cm/cmmi10.pfb><C:/Users/ankai/
Documents/Latex/fonts/type1/public/amsfonts/cm/cmmi9.pfb><C:/Users/ankai/Docume
nts/Latex/fonts/type1/public/amsfonts/cm/cmr10.pfb><C:/Users/ankai/Documents/La
tex/fonts/type1/public/amsfonts/cm/cmr6.pfb><C:/Users/ankai/Documents/Latex/fon
ts/type1/public/amsfonts/cm/cmr7.pfb><C:/Users/ankai/Documents/Latex/fonts/type
1/public/amsfonts/cm/cmr8.pfb><C:/Users/ankai/Documents/Latex/fonts/type1/publi
c/amsfonts/cm/cmr9.pfb><C:/Users/ankai/Documents/Latex/fonts/type1/public/amsfo
nts/cm/cmsl10.pfb><C:/Users/ankai/Documents/Latex/fonts/type1/public/amsfonts/c
m/cmsl8.pfb><C:/Users/ankai/Documents/Latex/fonts/type1/public/amsfonts/cm/cmsy
10.pfb><C:/Users/ankai/Documents/Latex/fonts/type1/public/amsfonts/cm/cmsy6.pfb
><C:/Users/ankai/Documents/Latex/fonts/type1/public/amsfonts/cm/cmsy7.pfb><C:/U
sers/ankai/Documents/Latex/fonts/type1/public/amsfonts/cm/cmsy9.pfb><C:/Users/a
nkai/Documents/Latex/fonts/type1/public/amsfonts/cm/cmti10.pfb><C:/Users/ankai/
Documents/Latex/fonts/type1/public/amsfonts/cm/cmti8.pfb><C:/Users/ankai/Docume
nts/Latex/fonts/type1/public/amsfonts/cm/cmtt10.pfb><C:/Users/ankai/Documents/L
atex/fonts/type1/public/amsfonts/cm/cmtt8.pfb><C:/Users/ankai/Documents/Latex/f
onts/type1/public/amsfonts/cm/cmtt9.pfb><C:/Users/ankai/Documents/Latex/fonts/t
ype1/public/amsfonts/latxfont/line10.pfb>
Output written on layout_e.pdf (20 pages, 332529 bytes).
PDF statistics:
 167 PDF objects out of 1000 (max. 8388607)
 0 named destinations out of 1000 (max. 500000)
 1 words of extra memory for PDF output out of 10000 (max. 10000000)

